# JRE version: Java(TM) SE Runtime Environment (7.0_55-b13) (build 1.7.0_55-b13)
# Java VM: Java HotSpot(TM) 64-Bit Server VM (24.55-b03 mixed mode windows-amd64 compressed oops)
Heap
 PSYoungGen      total 25088K, used 11267K [0x00000007d5c80000, 0x00000007d7900000, 0x0000000800000000)
  eden space 22016K, 38% used [0x00000007d5c80000,0x00000007d64b5c30,0x00000007d7200000)
  from space 3072K, 93% used [0x00000007d7600000,0x00000007d78cb030,0x00000007d7900000)
  to   space 3584K, 0% used [0x00000007d7200000,0x00000007d7200000,0x00000007d7580000)
 ParOldGen       total 43008K, used 32084K [0x0000000781600000, 0x0000000784000000, 0x00000007d5c80000)
  object space 43008K, 74% used [0x0000000781600000,0x0000000783555378,0x0000000784000000)
 PSPermGen       total 40448K, used 21583K [0x000000077c400000, 0x000000077eb80000, 0x0000000781600000)
  object space 40448K, 53% used [0x000000077c400000,0x000000077d913e90,0x000000077eb80000)
GC Heap History (10 events):
Event: 748.597 GC heap before
{Heap before GC invocations=662 (full 6):
 PSYoungGen      total 26112K, used 24601K [0x00000007d5c80000, 0x00000007d7a00000, 0x0000000800000000)
  eden space 22016K, 98% used [0x00000007d5c80000,0x00000007d71c35d8,0x00000007d7200000)
  from space 4096K, 69% used [0x00000007d7200000,0x00000007d74c3030,0x00000007d7600000)
  to   space 4096K, 0% used [0x00000007d7600000,0x00000007d7600000,0x00000007d7a00000)
 ParOldGen       total 43008K, used 31862K [0x0000000781600000, 0x0000000784000000, 0x00000007d5c80000)
  object space 43008K, 74% used [0x0000000781600000,0x000000078351da98,0x0000000784000000)
 PSPermGen       total 40448K, used 21580K [0x000000077c400000, 0x000000077eb80000, 0x0000000781600000)
  object space 40448K, 53% used [0x000000077c400000,0x000000077d913030,0x000000077eb80000)
Event: 748.598 GC heap after
Heap after GC invocations=662 (full 6):
 PSYoungGen      total 26112K, used 2828K [0x00000007d5c80000, 0x00000007d7a00000, 0x0000000800000000)
  eden space 22016K, 0% used [0x00000007d5c80000,0x00000007d5c80000,0x00000007d7200000)
  from space 4096K, 69% used [0x00000007d7600000,0x00000007d78c3030,0x00000007d7a00000)
  to   space 4096K, 0% used [0x00000007d7200000,0x00000007d7200000,0x00000007d7600000)
 ParOldGen       total 43008K, used 31892K [0x0000000781600000, 0x0000000784000000, 0x00000007d5c80000)
  object space 43008K, 74% used [0x0000000781600000,0x0000000783525048,0x0000000784000000)
 PSPermGen       total 40448K, used 21580K [0x000000077c400000, 0x000000077eb80000, 0x0000000781600000)
  object space 40448K, 53% used [0x000000077c400000,0x000000077d913030,0x000000077eb80000)
}
Event: 749.397 GC heap before
{Heap before GC invocations=663 (full 6):
 PSYoungGen      total 26112K, used 24542K [0x00000007d5c80000, 0x00000007d7a00000, 0x0000000800000000)
  eden space 22016K, 98% used [0x00000007d5c80000,0x00000007d71b4b40,0x00000007d7200000)
  from space 4096K, 69% used [0x00000007d7600000,0x00000007d78c3030,0x00000007d7a00000)
  to   space 4096K, 0% used [0x00000007d7200000,0x00000007d7200000,0x00000007d7600000)
 ParOldGen       total 43008K, used 31892K [0x0000000781600000, 0x0000000784000000, 0x00000007d5c80000)
  object space 43008K, 74% used [0x0000000781600000,0x0000000783525048,0x0000000784000000)
 PSPermGen       total 40448K, used 21580K [0x000000077c400000, 0x000000077eb80000, 0x0000000781600000)
  object space 40448K, 53% used [0x000000077c400000,0x000000077d913030,0x000000077eb80000)
Event: 749.398 GC heap after
Heap after GC invocations=663 (full 6):
 PSYoungGen      total 25088K, used 2828K [0x00000007d5c80000, 0x00000007d7900000, 0x0000000800000000)
  eden space 22016K, 0% used [0x00000007d5c80000,0x00000007d5c80000,0x00000007d7200000)
  from space 3072K, 92% used [0x00000007d7200000,0x00000007d74c3030,0x00000007d7500000)
  to   space 3584K, 0% used [0x00000007d7580000,0x00000007d7580000,0x00000007d7900000)
 ParOldGen       total 43008K, used 31934K [0x0000000781600000, 0x0000000784000000, 0x00000007d5c80000)
  object space 43008K, 74% used [0x0000000781600000,0x000000078352fba8,0x0000000784000000)
 PSPermGen       total 40448K, used 21580K [0x000000077c400000, 0x000000077eb80000, 0x0000000781600000)
  object space 40448K, 53% used [0x000000077c400000,0x000000077d913030,0x000000077eb80000)
}
Event: 750.197 GC heap before
{Heap before GC invocations=664 (full 6):
 PSYoungGen      total 25088K, used 24485K [0x00000007d5c80000, 0x00000007d7900000, 0x0000000800000000)
  eden space 22016K, 98% used [0x00000007d5c80000,0x00000007d71a66e0,0x00000007d7200000)
  from space 3072K, 92% used [0x00000007d7200000,0x00000007d74c3030,0x00000007d7500000)
  to   space 3584K, 0% used [0x00000007d7580000,0x00000007d7580000,0x00000007d7900000)
 ParOldGen       total 43008K, used 31934K [0x0000000781600000, 0x0000000784000000, 0x00000007d5c80000)
  object space 43008K, 74% used [0x0000000781600000,0x000000078352fba8,0x0000000784000000)
 PSPermGen       total 40448K, used 21580K [0x000000077c400000, 0x000000077eb80000, 0x0000000781600000)
  object space 40448K, 53% used [0x000000077c400000,0x000000077d913030,0x000000077eb80000)
Event: 750.198 GC heap after
Heap after GC invocations=664 (full 6):
 PSYoungGen      total 25600K, used 2828K [0x00000007d5c80000, 0x00000007d7900000, 0x0000000800000000)
  eden space 22016K, 0% used [0x00000007d5c80000,0x00000007d5c80000,0x00000007d7200000)
  from space 3584K, 78% used [0x00000007d7580000,0x00000007d7843030,0x00000007d7900000)
  to   space 3584K, 0% used [0x00000007d7200000,0x00000007d7200000,0x00000007d7580000)
 ParOldGen       total 43008K, used 31964K [0x0000000781600000, 0x0000000784000000, 0x00000007d5c80000)
  object space 43008K, 74% used [0x0000000781600000,0x0000000783537158,0x0000000784000000)
 PSPermGen       total 40448K, used 21580K [0x000000077c400000, 0x000000077eb80000, 0x0000000781600000)
  object space 40448K, 53% used [0x000000077c400000,0x000000077d913030,0x000000077eb80000)
}
Event: 750.964 GC heap before
{Heap before GC invocations=665 (full 6):
 PSYoungGen      total 25600K, used 24156K [0x00000007d5c80000, 0x00000007d7900000, 0x0000000800000000)
  eden space 22016K, 96% used [0x00000007d5c80000,0x00000007d7154288,0x00000007d7200000)
  from space 3584K, 78% used [0x00000007d7580000,0x00000007d7843030,0x00000007d7900000)
  to   space 3584K, 0% used [0x00000007d7200000,0x00000007d7200000,0x00000007d7580000)
 ParOldGen       total 43008K, used 31964K [0x0000000781600000, 0x0000000784000000, 0x00000007d5c80000)
  object space 43008K, 74% used [0x0000000781600000,0x0000000783537158,0x0000000784000000)
 PSPermGen       total 40448K, used 21580K [0x000000077c400000, 0x000000077eb80000, 0x0000000781600000)
  object space 40448K, 53% used [0x000000077c400000,0x000000077d913198,0x000000077eb80000)
Event: 750.965 GC heap after
Heap after GC invocations=665 (full 6):
 PSYoungGen      total 25600K, used 3020K [0x00000007d5c80000, 0x00000007d7a00000, 0x0000000800000000)
  eden space 22016K, 0% used [0x00000007d5c80000,0x00000007d5c80000,0x00000007d7200000)
  from space 3584K, 84% used [0x00000007d7200000,0x00000007d74f3070,0x00000007d7580000)
  to   space 4096K, 0% used [0x00000007d7600000,0x00000007d7600000,0x00000007d7a00000)
 ParOldGen       total 43008K, used 31972K [0x0000000781600000, 0x0000000784000000, 0x00000007d5c80000)
  object space 43008K, 74% used [0x0000000781600000,0x0000000783539158,0x0000000784000000)
 PSPermGen       total 40448K, used 21580K [0x000000077c400000, 0x000000077eb80000, 0x0000000781600000)
  object space 40448K, 53% used [0x000000077c400000,0x000000077d913198,0x000000077eb80000)
}
Event: 751.765 GC heap before
{Heap before GC invocations=666 (full 6):
 PSYoungGen      total 25600K, used 24912K [0x00000007d5c80000, 0x00000007d7a00000, 0x0000000800000000)
  eden space 22016K, 99% used [0x00000007d5c80000,0x00000007d71e1220,0x00000007d7200000)
  from space 3584K, 84% used [0x00000007d7200000,0x00000007d74f3070,0x00000007d7580000)
  to   space 4096K, 0% used [0x00000007d7600000,0x00000007d7600000,0x00000007d7a00000)
 ParOldGen       total 43008K, used 31972K [0x0000000781600000, 0x0000000784000000, 0x00000007d5c80000)
  object space 43008K, 74% used [0x0000000781600000,0x0000000783539158,0x0000000784000000)
 PSPermGen       total 40448K, used 21580K [0x000000077c400000, 0x000000077eb80000, 0x0000000781600000)
  object space 40448K, 53% used [0x000000077c400000,0x000000077d913198,0x000000077eb80000)
Event: 751.767 GC heap after
Heap after GC invocations=666 (full 6):
 PSYoungGen      total 25088K, used 2860K [0x00000007d5c80000, 0x00000007d7900000, 0x0000000800000000)
  eden space 22016K, 0% used [0x00000007d5c80000,0x00000007d5c80000,0x00000007d7200000)
  from space 3072K, 93% used [0x00000007d7600000,0x00000007d78cb030,0x00000007d7900000)
  to   space 3584K, 0% used [0x00000007d7200000,0x00000007d7200000,0x00000007d7580000)
 ParOldGen       total 43008K, used 32084K [0x0000000781600000, 0x0000000784000000, 0x00000007d5c80000)
  object space 43008K, 74% used [0x0000000781600000,0x0000000783555378,0x0000000784000000)
 PSPermGen       total 40448K, used 21580K [0x000000077c400000, 0x000000077eb80000, 0x0000000781600000)
  object space 40448K, 53% used [0x000000077c400000,0x000000077d913198,0x000000077eb80000)
}

