# JRE version: Java(TM) SE Runtime Environment (7.0_55-b13) (build 1.7.0_55-b13)
# Java VM: Java HotSpot(TM) 64-Bit Server VM (24.55-b03 mixed mode windows-amd64 compressed oops)
Heap
 PSYoungGen      total 117760K, used 81161K [0x00000007d5c80000, 0x00000007ddf80000, 0x0000000800000000)
  eden space 114176K, 68% used [0x00000007d5c80000,0x00000007da8b4428,0x00000007dcc00000)
  from space 3584K, 87% used [0x00000007ddc00000,0x00000007ddf0e030,0x00000007ddf80000)
  to   space 8192K, 0% used [0x00000007dcf80000,0x00000007dcf80000,0x00000007dd780000)
 ParOldGen       total 86016K, used 8777K [0x0000000781600000, 0x0000000786a00000, 0x00000007d5c80000)
  object space 86016K, 10% used [0x0000000781600000,0x0000000781e92400,0x0000000786a00000)
 PSPermGen       total 21504K, used 20079K [0x000000077c400000, 0x000000077d900000, 0x0000000781600000)
  object space 21504K, 93% used [0x000000077c400000,0x000000077d79bd88,0x000000077d900000)
GC Heap History (10 events):
Event: 6.424 GC heap before
{Heap before GC invocations=4 (full 0):
 PSYoungGen      total 71680K, used 70925K [0x00000007d5c80000, 0x00000007de880000, 0x0000000800000000)
  eden space 66560K, 98% used [0x00000007d5c80000,0x00000007d9cc63d0,0x00000007d9d80000)
  from space 5120K, 99% used [0x00000007d9d80000,0x00000007da27d0c8,0x00000007da280000)
  to   space 5120K, 0% used [0x00000007de380000,0x00000007de380000,0x00000007de880000)
 ParOldGen       total 86016K, used 1940K [0x0000000781600000, 0x0000000786a00000, 0x00000007d5c80000)
  object space 86016K, 2% used [0x0000000781600000,0x00000007817e5188,0x0000000786a00000)
 PSPermGen       total 21504K, used 18009K [0x000000077c400000, 0x000000077d900000, 0x0000000781600000)
  object space 21504K, 83% used [0x000000077c400000,0x000000077d596550,0x000000077d900000)
Event: 6.441 GC heap after
Heap after GC invocations=4 (full 0):
 PSYoungGen      total 138240K, used 5108K [0x00000007d5c80000, 0x00000007de880000, 0x0000000800000000)
  eden space 133120K, 0% used [0x00000007d5c80000,0x00000007d5c80000,0x00000007dde80000)
  from space 5120K, 99% used [0x00000007de380000,0x00000007de87d0c8,0x00000007de880000)
  to   space 5120K, 0% used [0x00000007dde80000,0x00000007dde80000,0x00000007de380000)
 ParOldGen       total 86016K, used 4396K [0x0000000781600000, 0x0000000786a00000, 0x00000007d5c80000)
  object space 86016K, 5% used [0x0000000781600000,0x0000000781a4b298,0x0000000786a00000)
 PSPermGen       total 21504K, used 18009K [0x000000077c400000, 0x000000077d900000, 0x0000000781600000)
  object space 21504K, 83% used [0x000000077c400000,0x000000077d596550,0x000000077d900000)
}
Event: 11.237 GC heap before
{Heap before GC invocations=5 (full 0):
 PSYoungGen      total 138240K, used 137629K [0x00000007d5c80000, 0x00000007de880000, 0x0000000800000000)
  eden space 133120K, 99% used [0x00000007d5c80000,0x00000007dddea6b8,0x00000007dde80000)
  from space 5120K, 99% used [0x00000007de380000,0x00000007de87d0c8,0x00000007de880000)
  to   space 5120K, 0% used [0x00000007dde80000,0x00000007dde80000,0x00000007de380000)
 ParOldGen       total 86016K, used 4396K [0x0000000781600000, 0x0000000786a00000, 0x00000007d5c80000)
  object space 86016K, 5% used [0x0000000781600000,0x0000000781a4b298,0x0000000786a00000)
 PSPermGen       total 21504K, used 18016K [0x000000077c400000, 0x000000077d900000, 0x0000000781600000)
  object space 21504K, 83% used [0x000000077c400000,0x000000077d598130,0x000000077d900000)
Event: 11.245 GC heap after
Heap after GC invocations=5 (full 0):
 PSYoungGen      total 133120K, used 5108K [0x00000007d5c80000, 0x00000007de880000, 0x0000000800000000)
  eden space 128000K, 0% used [0x00000007d5c80000,0x00000007d5c80000,0x00000007dd980000)
  from space 5120K, 99% used [0x00000007dde80000,0x00000007de37d0e8,0x00000007de380000)
  to   space 5120K, 0% used [0x00000007de380000,0x00000007de380000,0x00000007de880000)
 ParOldGen       total 86016K, used 4436K [0x0000000781600000, 0x0000000786a00000, 0x00000007d5c80000)
  object space 86016K, 5% used [0x0000000781600000,0x0000000781a55298,0x0000000786a00000)
 PSPermGen       total 21504K, used 18016K [0x000000077c400000, 0x000000077d900000, 0x0000000781600000)
  object space 21504K, 83% used [0x000000077c400000,0x000000077d598130,0x000000077d900000)
}
Event: 15.862 GC heap before
{Heap before GC invocations=6 (full 0):
 PSYoungGen      total 133120K, used 132720K [0x00000007d5c80000, 0x00000007de880000, 0x0000000800000000)
  eden space 128000K, 99% used [0x00000007d5c80000,0x00000007dd91f010,0x00000007dd980000)
  from space 5120K, 99% used [0x00000007dde80000,0x00000007de37d0e8,0x00000007de380000)
  to   space 5120K, 0% used [0x00000007de380000,0x00000007de380000,0x00000007de880000)
 ParOldGen       total 86016K, used 4436K [0x0000000781600000, 0x0000000786a00000, 0x00000007d5c80000)
  object space 86016K, 5% used [0x0000000781600000,0x0000000781a55298,0x0000000786a00000)
 PSPermGen       total 21504K, used 18151K [0x000000077c400000, 0x000000077d900000, 0x0000000781600000)
  object space 21504K, 84% used [0x000000077c400000,0x000000077d5b9dc8,0x000000077d900000)
Event: 15.870 GC heap after
Heap after GC invocations=6 (full 0):
 PSYoungGen      total 128512K, used 5108K [0x00000007d5c80000, 0x00000007de880000, 0x0000000800000000)
  eden space 123392K, 0% used [0x00000007d5c80000,0x00000007d5c80000,0x00000007dd500000)
  from space 5120K, 99% used [0x00000007de380000,0x00000007de87d0e8,0x00000007de880000)
  to   space 7680K, 0% used [0x00000007dd980000,0x00000007dd980000,0x00000007de100000)
 ParOldGen       total 86016K, used 5035K [0x0000000781600000, 0x0000000786a00000, 0x00000007d5c80000)
  object space 86016K, 5% used [0x0000000781600000,0x0000000781aeae08,0x0000000786a00000)
 PSPermGen       total 21504K, used 18151K [0x000000077c400000, 0x000000077d900000, 0x0000000781600000)
  object space 21504K, 84% used [0x000000077c400000,0x000000077d5b9dc8,0x000000077d900000)
}
Event: 17.569 GC heap before
{Heap before GC invocations=7 (full 0):
 PSYoungGen      total 128512K, used 128500K [0x00000007d5c80000, 0x00000007de880000, 0x0000000800000000)
  eden space 123392K, 100% used [0x00000007d5c80000,0x00000007dd500000,0x00000007dd500000)
  from space 5120K, 99% used [0x00000007de380000,0x00000007de87d0e8,0x00000007de880000)
  to   space 7680K, 0% used [0x00000007dd980000,0x00000007dd980000,0x00000007de100000)
 ParOldGen       total 86016K, used 5035K [0x0000000781600000, 0x0000000786a00000, 0x00000007d5c80000)
  object space 86016K, 5% used [0x0000000781600000,0x0000000781aeae08,0x0000000786a00000)
 PSPermGen       total 21504K, used 18342K [0x000000077c400000, 0x000000077d900000, 0x0000000781600000)
  object space 21504K, 85% used [0x000000077c400000,0x000000077d5e9840,0x000000077d900000)
Event: 17.578 GC heap after
Heap after GC invocations=7 (full 0):
 PSYoungGen      total 121344K, used 2554K [0x00000007d5c80000, 0x00000007de400000, 0x0000000800000000)
  eden space 118784K, 0% used [0x00000007d5c80000,0x00000007d5c80000,0x00000007dd080000)
  from space 2560K, 99% used [0x00000007dd980000,0x00000007ddbfeb68,0x00000007ddc00000)
  to   space 8192K, 0% used [0x00000007ddc00000,0x00000007ddc00000,0x00000007de400000)
 ParOldGen       total 86016K, used 8745K [0x0000000781600000, 0x0000000786a00000, 0x00000007d5c80000)
  object space 86016K, 10% used [0x0000000781600000,0x0000000781e8a400,0x0000000786a00000)
 PSPermGen       total 21504K, used 18342K [0x000000077c400000, 0x000000077d900000, 0x0000000781600000)
  object space 21504K, 85% used [0x000000077c400000,0x000000077d5e9840,0x000000077d900000)
}
Event: 19.041 GC heap before
{Heap before GC invocations=8 (full 0):
 PSYoungGen      total 121344K, used 95583K [0x00000007d5c80000, 0x00000007de400000, 0x0000000800000000)
  eden space 118784K, 78% used [0x00000007d5c80000,0x00000007db759370,0x00000007dd080000)
  from space 2560K, 99% used [0x00000007dd980000,0x00000007ddbfeb68,0x00000007ddc00000)
  to   space 8192K, 0% used [0x00000007ddc00000,0x00000007ddc00000,0x00000007de400000)
 ParOldGen       total 86016K, used 8745K [0x0000000781600000, 0x0000000786a00000, 0x00000007d5c80000)
  object space 86016K, 10% used [0x0000000781600000,0x0000000781e8a400,0x0000000786a00000)
 PSPermGen       total 21504K, used 20016K [0x000000077c400000, 0x000000077d900000, 0x0000000781600000)
  object space 21504K, 93% used [0x000000077c400000,0x000000077d78c2a0,0x000000077d900000)
Event: 19.045 GC heap after
Heap after GC invocations=8 (full 0):
 PSYoungGen      total 117760K, used 3128K [0x00000007d5c80000, 0x00000007ddf80000, 0x0000000800000000)
  eden space 114176K, 0% used [0x00000007d5c80000,0x00000007d5c80000,0x00000007dcc00000)
  from space 3584K, 87% used [0x00000007ddc00000,0x00000007ddf0e030,0x00000007ddf80000)
  to   space 8192K, 0% used [0x00000007dcf80000,0x00000007dcf80000,0x00000007dd780000)
 ParOldGen       total 86016K, used 8777K [0x0000000781600000, 0x0000000786a00000, 0x00000007d5c80000)
  object space 86016K, 10% used [0x0000000781600000,0x0000000781e92400,0x0000000786a00000)
 PSPermGen       total 21504K, used 20016K [0x000000077c400000, 0x000000077d900000, 0x0000000781600000)
  object space 21504K, 93% used [0x000000077c400000,0x000000077d78c2a0,0x000000077d900000)
}

