# JRE version: Java(TM) SE Runtime Environment (7.0_55-b13) (build 1.7.0_55-b13)
# Java VM: Java HotSpot(TM) 64-Bit Server VM (24.55-b03 mixed mode windows-amd64 compressed oops)
Heap
 PSYoungGen      total 33280K, used 22395K [0x00000007d5c80000, 0x00000007d8600000, 0x0000000800000000)
  eden space 24064K, 88% used [0x00000007d5c80000,0x00000007d7155d60,0x00000007d7400000)
  from space 9216K, 11% used [0x00000007d7400000,0x00000007d7509010,0x00000007d7d00000)
  to   space 9216K, 0% used [0x00000007d7d00000,0x00000007d7d00000,0x00000007d8600000)
 ParOldGen       total 86016K, used 42001K [0x0000000781600000, 0x0000000786a00000, 0x00000007d5c80000)
  object space 86016K, 48% used [0x0000000781600000,0x0000000783f045c8,0x0000000786a00000)
 PSPermGen       total 21504K, used 20550K [0x000000077c400000, 0x000000077d900000, 0x0000000781600000)
  object space 21504K, 95% used [0x000000077c400000,0x000000077d811868,0x000000077d900000)
GC Heap History (10 events):
Event: 176.791 GC heap before
{Heap before GC invocations=19 (full 0):
 PSYoungGen      total 35328K, used 27400K [0x00000007d5c80000, 0x00000007d8900000, 0x0000000800000000)
  eden space 26112K, 96% used [0x00000007d5c80000,0x00000007d7537ef8,0x00000007d7600000)
  from space 9216K, 22% used [0x00000007d8000000,0x00000007d820a430,0x00000007d8900000)
  to   space 9728K, 0% used [0x00000007d7600000,0x00000007d7600000,0x00000007d7f80000)
 ParOldGen       total 86016K, used 34886K [0x0000000781600000, 0x0000000786a00000, 0x00000007d5c80000)
  object space 86016K, 40% used [0x0000000781600000,0x0000000783811b98,0x0000000786a00000)
 PSPermGen       total 21504K, used 20511K [0x000000077c400000, 0x000000077d900000, 0x0000000781600000)
  object space 21504K, 95% used [0x000000077c400000,0x000000077d807f08,0x000000077d900000)
Event: 176.793 GC heap after
Heap after GC invocations=19 (full 0):
 PSYoungGen      total 27648K, used 1928K [0x00000007d5c80000, 0x00000007d8780000, 0x0000000800000000)
  eden space 25600K, 0% used [0x00000007d5c80000,0x00000007d5c80000,0x00000007d7580000)
  from space 2048K, 94% used [0x00000007d7600000,0x00000007d77e2020,0x00000007d7800000)
  to   space 9216K, 0% used [0x00000007d7e80000,0x00000007d7e80000,0x00000007d8780000)
 ParOldGen       total 86016K, used 34904K [0x0000000781600000, 0x0000000786a00000, 0x00000007d5c80000)
  object space 86016K, 40% used [0x0000000781600000,0x00000007838162b8,0x0000000786a00000)
 PSPermGen       total 21504K, used 20511K [0x000000077c400000, 0x000000077d900000, 0x0000000781600000)
  object space 21504K, 95% used [0x000000077c400000,0x000000077d807f08,0x000000077d900000)
}
Event: 177.719 GC heap before
{Heap before GC invocations=20 (full 0):
 PSYoungGen      total 27648K, used 27425K [0x00000007d5c80000, 0x00000007d8780000, 0x0000000800000000)
  eden space 25600K, 99% used [0x00000007d5c80000,0x00000007d7566760,0x00000007d7580000)
  from space 2048K, 94% used [0x00000007d7600000,0x00000007d77e2020,0x00000007d7800000)
  to   space 9216K, 0% used [0x00000007d7e80000,0x00000007d7e80000,0x00000007d8780000)
 ParOldGen       total 86016K, used 34904K [0x0000000781600000, 0x0000000786a00000, 0x00000007d5c80000)
  object space 86016K, 40% used [0x0000000781600000,0x00000007838162b8,0x0000000786a00000)
 PSPermGen       total 21504K, used 20512K [0x000000077c400000, 0x000000077d900000, 0x0000000781600000)
  object space 21504K, 95% used [0x000000077c400000,0x000000077d808030,0x000000077d900000)
Event: 177.720 GC heap after
Heap after GC invocations=20 (full 0):
 PSYoungGen      total 33792K, used 2828K [0x00000007d5c80000, 0x00000007d8700000, 0x0000000800000000)
  eden space 25088K, 0% used [0x00000007d5c80000,0x00000007d5c80000,0x00000007d7500000)
  from space 8704K, 32% used [0x00000007d7e80000,0x00000007d8143030,0x00000007d8700000)
  to   space 9216K, 0% used [0x00000007d7500000,0x00000007d7500000,0x00000007d7e00000)
 ParOldGen       total 86016K, used 34965K [0x0000000781600000, 0x0000000786a00000, 0x00000007d5c80000)
  object space 86016K, 40% used [0x0000000781600000,0x0000000783825538,0x0000000786a00000)
 PSPermGen       total 21504K, used 20512K [0x000000077c400000, 0x000000077d900000, 0x0000000781600000)
  object space 21504K, 95% used [0x000000077c400000,0x000000077d808030,0x000000077d900000)
}
Event: 178.633 GC heap before
{Heap before GC invocations=21 (full 0):
 PSYoungGen      total 33792K, used 27190K [0x00000007d5c80000, 0x00000007d8700000, 0x0000000800000000)
  eden space 25088K, 97% used [0x00000007d5c80000,0x00000007d744ab80,0x00000007d7500000)
  from space 8704K, 32% used [0x00000007d7e80000,0x00000007d8143030,0x00000007d8700000)
  to   space 9216K, 0% used [0x00000007d7500000,0x00000007d7500000,0x00000007d7e00000)
 ParOldGen       total 86016K, used 34965K [0x0000000781600000, 0x0000000786a00000, 0x00000007d5c80000)
  object space 86016K, 40% used [0x0000000781600000,0x0000000783825538,0x0000000786a00000)
 PSPermGen       total 21504K, used 20512K [0x000000077c400000, 0x000000077d900000, 0x0000000781600000)
  object space 21504K, 95% used [0x000000077c400000,0x000000077d808030,0x000000077d900000)
Event: 178.637 GC heap after
Heap after GC invocations=21 (full 0):
 PSYoungGen      total 27648K, used 2860K [0x00000007d5c80000, 0x00000007d8580000, 0x0000000800000000)
  eden space 24576K, 0% used [0x00000007d5c80000,0x00000007d5c80000,0x00000007d7480000)
  from space 3072K, 93% used [0x00000007d7500000,0x00000007d77cb030,0x00000007d7800000)
  to   space 8704K, 0% used [0x00000007d7d00000,0x00000007d7d00000,0x00000007d8580000)
 ParOldGen       total 86016K, used 35016K [0x0000000781600000, 0x0000000786a00000, 0x00000007d5c80000)
  object space 86016K, 40% used [0x0000000781600000,0x0000000783832098,0x0000000786a00000)
 PSPermGen       total 21504K, used 20512K [0x000000077c400000, 0x000000077d900000, 0x0000000781600000)
  object space 21504K, 95% used [0x000000077c400000,0x000000077d808030,0x000000077d900000)
}
Event: 183.446 GC heap before
{Heap before GC invocations=22 (full 0):
 PSYoungGen      total 27648K, used 26904K [0x00000007d5c80000, 0x00000007d8580000, 0x0000000800000000)
  eden space 24576K, 97% used [0x00000007d5c80000,0x00000007d73fb348,0x00000007d7480000)
  from space 3072K, 93% used [0x00000007d7500000,0x00000007d77cb030,0x00000007d7800000)
  to   space 8704K, 0% used [0x00000007d7d00000,0x00000007d7d00000,0x00000007d8580000)
 ParOldGen       total 86016K, used 35016K [0x0000000781600000, 0x0000000786a00000, 0x00000007d5c80000)
  object space 86016K, 40% used [0x0000000781600000,0x0000000783832098,0x0000000786a00000)
 PSPermGen       total 21504K, used 20532K [0x000000077c400000, 0x000000077d900000, 0x0000000781600000)
  object space 21504K, 95% used [0x000000077c400000,0x000000077d80d370,0x000000077d900000)
Event: 183.450 GC heap after
Heap after GC invocations=22 (full 0):
 PSYoungGen      total 32768K, used 6524K [0x00000007d5c80000, 0x00000007d8600000, 0x0000000800000000)
  eden space 24064K, 0% used [0x00000007d5c80000,0x00000007d5c80000,0x00000007d7400000)
  from space 8704K, 74% used [0x00000007d7d00000,0x00000007d835f0b0,0x00000007d8580000)
  to   space 9216K, 0% used [0x00000007d7400000,0x00000007d7400000,0x00000007d7d00000)
 ParOldGen       total 86016K, used 35024K [0x0000000781600000, 0x0000000786a00000, 0x00000007d5c80000)
  object space 86016K, 40% used [0x0000000781600000,0x0000000783834098,0x0000000786a00000)
 PSPermGen       total 21504K, used 20532K [0x000000077c400000, 0x000000077d900000, 0x0000000781600000)
  object space 21504K, 95% used [0x000000077c400000,0x000000077d80d370,0x000000077d900000)
}
Event: 184.326 GC heap before
{Heap before GC invocations=23 (full 0):
 PSYoungGen      total 32768K, used 30291K [0x00000007d5c80000, 0x00000007d8600000, 0x0000000800000000)
  eden space 24064K, 98% used [0x00000007d5c80000,0x00000007d73b5d48,0x00000007d7400000)
  from space 8704K, 74% used [0x00000007d7d00000,0x00000007d835f0b0,0x00000007d8580000)
  to   space 9216K, 0% used [0x00000007d7400000,0x00000007d7400000,0x00000007d7d00000)
 ParOldGen       total 86016K, used 35024K [0x0000000781600000, 0x0000000786a00000, 0x00000007d5c80000)
  object space 86016K, 40% used [0x0000000781600000,0x0000000783834098,0x0000000786a00000)
 PSPermGen       total 21504K, used 20533K [0x000000077c400000, 0x000000077d900000, 0x0000000781600000)
  object space 21504K, 95% used [0x000000077c400000,0x000000077d80d508,0x000000077d900000)
Event: 184.330 GC heap after
Heap after GC invocations=23 (full 0):
 PSYoungGen      total 33280K, used 1060K [0x00000007d5c80000, 0x00000007d8600000, 0x0000000800000000)
  eden space 24064K, 0% used [0x00000007d5c80000,0x00000007d5c80000,0x00000007d7400000)
  from space 9216K, 11% used [0x00000007d7400000,0x00000007d7509010,0x00000007d7d00000)
  to   space 9216K, 0% used [0x00000007d7d00000,0x00000007d7d00000,0x00000007d8600000)
 ParOldGen       total 86016K, used 42001K [0x0000000781600000, 0x0000000786a00000, 0x00000007d5c80000)
  object space 86016K, 48% used [0x0000000781600000,0x0000000783f045c8,0x0000000786a00000)
 PSPermGen       total 21504K, used 20533K [0x000000077c400000, 0x000000077d900000, 0x0000000781600000)
  object space 21504K, 95% used [0x000000077c400000,0x000000077d80d508,0x000000077d900000)
}

