# JRE version: Java(TM) SE Runtime Environment (7.0_55-b13) (build 1.7.0_55-b13)
# Java VM: Java HotSpot(TM) 64-Bit Server VM (24.55-b03 mixed mode windows-amd64 compressed oops)
Heap
 PSYoungGen      total 202240K, used 192150K [0x00000007d5c80000, 0x00000007e3280000, 0x0000000800000000)
  eden space 195072K, 94% used [0x00000007d5c80000,0x00000007e114df88,0x00000007e1b00000)
  from space 7168K, 97% used [0x00000007e2b80000,0x00000007e3257c70,0x00000007e3280000)
  to   space 8704K, 0% used [0x00000007e2180000,0x00000007e2180000,0x00000007e2a00000)
 ParOldGen       total 153600K, used 47364K [0x0000000781600000, 0x000000078ac00000, 0x00000007d5c80000)
  object space 153600K, 30% used [0x0000000781600000,0x0000000784441388,0x000000078ac00000)
 PSPermGen       total 40448K, used 21789K [0x000000077c400000, 0x000000077eb80000, 0x0000000781600000)
  object space 40448K, 53% used [0x000000077c400000,0x000000077d947418,0x000000077eb80000)
GC Heap History (10 events):
Event: 13.117 GC heap before
{Heap before GC invocations=5 (full 0):
 PSYoungGen      total 138240K, used 137315K [0x00000007d5c80000, 0x00000007de880000, 0x0000000800000000)
  eden space 133120K, 99% used [0x00000007d5c80000,0x00000007dde2d7b8,0x00000007dde80000)
  from space 5120K, 88% used [0x00000007de380000,0x00000007de7eb470,0x00000007de880000)
  to   space 5120K, 0% used [0x00000007dde80000,0x00000007dde80000,0x00000007de380000)
 ParOldGen       total 86016K, used 7160K [0x0000000781600000, 0x0000000786a00000, 0x00000007d5c80000)
  object space 86016K, 8% used [0x0000000781600000,0x0000000781cfe010,0x0000000786a00000)
 PSPermGen       total 21504K, used 18352K [0x000000077c400000, 0x000000077d900000, 0x0000000781600000)
  object space 21504K, 85% used [0x000000077c400000,0x000000077d5ec188,0x000000077d900000)
Event: 13.127 GC heap after
Heap after GC invocations=5 (full 0):
 PSYoungGen      total 133120K, used 5105K [0x00000007d5c80000, 0x00000007deb80000, 0x0000000800000000)
  eden space 128000K, 0% used [0x00000007d5c80000,0x00000007d5c80000,0x00000007dd980000)
  from space 5120K, 99% used [0x00000007dde80000,0x00000007de37c480,0x00000007de380000)
  to   space 8192K, 0% used [0x00000007de380000,0x00000007de380000,0x00000007deb80000)
 ParOldGen       total 86016K, used 7696K [0x0000000781600000, 0x0000000786a00000, 0x00000007d5c80000)
  object space 86016K, 8% used [0x0000000781600000,0x0000000781d84040,0x0000000786a00000)
 PSPermGen       total 21504K, used 18352K [0x000000077c400000, 0x000000077d900000, 0x0000000781600000)
  object space 21504K, 85% used [0x000000077c400000,0x000000077d5ec188,0x000000077d900000)
}
Event: 14.802 GC heap before
{Heap before GC invocations=6 (full 0):
 PSYoungGen      total 133120K, used 133105K [0x00000007d5c80000, 0x00000007deb80000, 0x0000000800000000)
  eden space 128000K, 100% used [0x00000007d5c80000,0x00000007dd980000,0x00000007dd980000)
  from space 5120K, 99% used [0x00000007dde80000,0x00000007de37c480,0x00000007de380000)
  to   space 8192K, 0% used [0x00000007de380000,0x00000007de380000,0x00000007deb80000)
 ParOldGen       total 86016K, used 7696K [0x0000000781600000, 0x0000000786a00000, 0x00000007d5c80000)
  object space 86016K, 8% used [0x0000000781600000,0x0000000781d84040,0x0000000786a00000)
 PSPermGen       total 21504K, used 20050K [0x000000077c400000, 0x000000077d900000, 0x0000000781600000)
  object space 21504K, 93% used [0x000000077c400000,0x000000077d794a60,0x000000077d900000)
Event: 14.837 GC heap after
Heap after GC invocations=6 (full 0):
 PSYoungGen      total 137216K, used 5777K [0x00000007d5c80000, 0x00000007e6880000, 0x0000000800000000)
  eden space 129024K, 0% used [0x00000007d5c80000,0x00000007d5c80000,0x00000007dda80000)
  from space 8192K, 70% used [0x00000007de380000,0x00000007de924480,0x00000007deb80000)
  to   space 9216K, 0% used [0x00000007dda80000,0x00000007dda80000,0x00000007de380000)
 ParOldGen       total 120320K, used 110207K [0x0000000781600000, 0x0000000788b80000, 0x00000007d5c80000)
  object space 120320K, 91% used [0x0000000781600000,0x000000078819fe30,0x0000000788b80000)
 PSPermGen       total 21504K, used 20050K [0x000000077c400000, 0x000000077d900000, 0x0000000781600000)
  object space 21504K, 93% used [0x000000077c400000,0x000000077d794a60,0x000000077d900000)
}
Event: 14.837 GC heap before
{Heap before GC invocations=7 (full 1):
 PSYoungGen      total 137216K, used 5777K [0x00000007d5c80000, 0x00000007e6880000, 0x0000000800000000)
  eden space 129024K, 0% used [0x00000007d5c80000,0x00000007d5c80000,0x00000007dda80000)
  from space 8192K, 70% used [0x00000007de380000,0x00000007de924480,0x00000007deb80000)
  to   space 9216K, 0% used [0x00000007dda80000,0x00000007dda80000,0x00000007de380000)
 ParOldGen       total 120320K, used 110207K [0x0000000781600000, 0x0000000788b80000, 0x00000007d5c80000)
  object space 120320K, 91% used [0x0000000781600000,0x000000078819fe30,0x0000000788b80000)
 PSPermGen       total 21504K, used 20050K [0x000000077c400000, 0x000000077d900000, 0x0000000781600000)
  object space 21504K, 93% used [0x000000077c400000,0x000000077d794a60,0x000000077d900000)
Event: 14.932 GC heap after
Heap after GC invocations=7 (full 1):
 PSYoungGen      total 137216K, used 0K [0x00000007d5c80000, 0x00000007e6880000, 0x0000000800000000)
  eden space 129024K, 0% used [0x00000007d5c80000,0x00000007d5c80000,0x00000007dda80000)
  from space 8192K, 0% used [0x00000007de380000,0x00000007de380000,0x00000007deb80000)
  to   space 9216K, 0% used [0x00000007dda80000,0x00000007dda80000,0x00000007de380000)
 ParOldGen       total 153600K, used 47364K [0x0000000781600000, 0x000000078ac00000, 0x00000007d5c80000)
  object space 153600K, 30% used [0x0000000781600000,0x0000000784441388,0x000000078ac00000)
 PSPermGen       total 40448K, used 20045K [0x000000077c400000, 0x000000077eb80000, 0x0000000781600000)
  object space 40448K, 49% used [0x000000077c400000,0x000000077d793788,0x000000077eb80000)
}
Event: 27.673 GC heap before
{Heap before GC invocations=8 (full 1):
 PSYoungGen      total 137216K, used 128854K [0x00000007d5c80000, 0x00000007e6880000, 0x0000000800000000)
  eden space 129024K, 99% used [0x00000007d5c80000,0x00000007dda55900,0x00000007dda80000)
  from space 8192K, 0% used [0x00000007de380000,0x00000007de380000,0x00000007deb80000)
  to   space 9216K, 0% used [0x00000007dda80000,0x00000007dda80000,0x00000007de380000)
 ParOldGen       total 153600K, used 47364K [0x0000000781600000, 0x000000078ac00000, 0x00000007d5c80000)
  object space 153600K, 30% used [0x0000000781600000,0x0000000784441388,0x000000078ac00000)
 PSPermGen       total 40448K, used 20259K [0x000000077c400000, 0x000000077eb80000, 0x0000000781600000)
  object space 40448K, 50% used [0x000000077c400000,0x000000077d7c8f90,0x000000077eb80000)
Event: 27.679 GC heap after
Heap after GC invocations=8 (full 1):
 PSYoungGen      total 138240K, used 5810K [0x00000007d5c80000, 0x00000007e3400000, 0x0000000800000000)
  eden space 129024K, 0% used [0x00000007d5c80000,0x00000007d5c80000,0x00000007dda80000)
  from space 9216K, 63% used [0x00000007dda80000,0x00000007de02ca00,0x00000007de380000)
  to   space 8704K, 0% used [0x00000007e2b80000,0x00000007e2b80000,0x00000007e3400000)
 ParOldGen       total 153600K, used 47364K [0x0000000781600000, 0x000000078ac00000, 0x00000007d5c80000)
  object space 153600K, 30% used [0x0000000781600000,0x0000000784441388,0x000000078ac00000)
 PSPermGen       total 40448K, used 20259K [0x000000077c400000, 0x000000077eb80000, 0x0000000781600000)
  object space 40448K, 50% used [0x000000077c400000,0x000000077d7c8f90,0x000000077eb80000)
}
Event: 36.793 GC heap before
{Heap before GC invocations=9 (full 1):
 PSYoungGen      total 138240K, used 134668K [0x00000007d5c80000, 0x00000007e3400000, 0x0000000800000000)
  eden space 129024K, 99% used [0x00000007d5c80000,0x00000007dda569f0,0x00000007dda80000)
  from space 9216K, 63% used [0x00000007dda80000,0x00000007de02ca00,0x00000007de380000)
  to   space 8704K, 0% used [0x00000007e2b80000,0x00000007e2b80000,0x00000007e3400000)
 ParOldGen       total 153600K, used 47364K [0x0000000781600000, 0x000000078ac00000, 0x00000007d5c80000)
  object space 153600K, 30% used [0x0000000781600000,0x0000000784441388,0x000000078ac00000)
 PSPermGen       total 40448K, used 20263K [0x000000077c400000, 0x000000077eb80000, 0x0000000781600000)
  object space 40448K, 50% used [0x000000077c400000,0x000000077d7c9f90,0x000000077eb80000)
Event: 36.801 GC heap after
Heap after GC invocations=9 (full 1):
 PSYoungGen      total 202240K, used 7007K [0x00000007d5c80000, 0x00000007e3280000, 0x0000000800000000)
  eden space 195072K, 0% used [0x00000007d5c80000,0x00000007d5c80000,0x00000007e1b00000)
  from space 7168K, 97% used [0x00000007e2b80000,0x00000007e3257c70,0x00000007e3280000)
  to   space 8704K, 0% used [0x00000007e2180000,0x00000007e2180000,0x00000007e2a00000)
 ParOldGen       total 153600K, used 47364K [0x0000000781600000, 0x000000078ac00000, 0x00000007d5c80000)
  object space 153600K, 30% used [0x0000000781600000,0x0000000784441388,0x000000078ac00000)
 PSPermGen       total 40448K, used 20263K [0x000000077c400000, 0x000000077eb80000, 0x0000000781600000)
  object space 40448K, 50% used [0x000000077c400000,0x000000077d7c9f90,0x000000077eb80000)
}

