# JRE version: Java(TM) SE Runtime Environment (7.0_55-b13) (build 1.7.0_55-b13)
# Java VM: Java HotSpot(TM) 64-Bit Server VM (24.55-b03 mixed mode windows-amd64 compressed oops)
Heap
 PSYoungGen      total 60928K, used 19858K [0x00000007d5c80000, 0x00000007ddc00000, 0x0000000800000000)
  eden space 57856K, 29% used [0x00000007d5c80000,0x00000007d6cf1a48,0x00000007d9500000)
  from space 3072K, 98% used [0x00000007dd900000,0x00000007ddbf3030,0x00000007ddc00000)
  to   space 9216K, 0% used [0x00000007dca00000,0x00000007dca00000,0x00000007dd300000)
 ParOldGen       total 86016K, used 79598K [0x0000000781600000, 0x0000000786a00000, 0x00000007d5c80000)
  object space 86016K, 92% used [0x0000000781600000,0x00000007863bbb48,0x0000000786a00000)
 PSPermGen       total 21504K, used 20321K [0x000000077c400000, 0x000000077d900000, 0x0000000781600000)
  object space 21504K, 94% used [0x000000077c400000,0x000000077d7d8600,0x000000077d900000)
GC Heap History (10 events):
Event: 10.336 GC heap before
{Heap before GC invocations=8 (full 0):
 PSYoungGen      total 75264K, used 69238K [0x00000007d5c80000, 0x00000007df080000, 0x0000000800000000)
  eden space 66560K, 100% used [0x00000007d5c80000,0x00000007d9d80000,0x00000007d9d80000)
  from space 8704K, 30% used [0x00000007d9d80000,0x00000007da01dab0,0x00000007da600000)
  to   space 9216K, 0% used [0x00000007de780000,0x00000007de780000,0x00000007df080000)
 ParOldGen       total 86016K, used 71709K [0x0000000781600000, 0x0000000786a00000, 0x00000007d5c80000)
  object space 86016K, 83% used [0x0000000781600000,0x0000000785c07408,0x0000000786a00000)
 PSPermGen       total 21504K, used 20049K [0x000000077c400000, 0x000000077d900000, 0x0000000781600000)
  object space 21504K, 93% used [0x000000077c400000,0x000000077d7946c0,0x000000077d900000)
Event: 10.340 GC heap after
Heap after GC invocations=8 (full 0):
 PSYoungGen      total 69120K, used 4512K [0x00000007d5c80000, 0x00000007dec00000, 0x0000000800000000)
  eden space 64512K, 0% used [0x00000007d5c80000,0x00000007d5c80000,0x00000007d9b80000)
  from space 4608K, 97% used [0x00000007de780000,0x00000007debe8050,0x00000007dec00000)
  to   space 8704K, 0% used [0x00000007ddb00000,0x00000007ddb00000,0x00000007de380000)
 ParOldGen       total 86016K, used 72165K [0x0000000781600000, 0x0000000786a00000, 0x00000007d5c80000)
  object space 86016K, 83% used [0x0000000781600000,0x0000000785c795e8,0x0000000786a00000)
 PSPermGen       total 21504K, used 20049K [0x000000077c400000, 0x000000077d900000, 0x0000000781600000)
  object space 21504K, 93% used [0x000000077c400000,0x000000077d7946c0,0x000000077d900000)
}
Event: 16.812 GC heap before
{Heap before GC invocations=9 (full 0):
 PSYoungGen      total 69120K, used 68624K [0x00000007d5c80000, 0x00000007dec00000, 0x0000000800000000)
  eden space 64512K, 99% used [0x00000007d5c80000,0x00000007d9b1c100,0x00000007d9b80000)
  from space 4608K, 97% used [0x00000007de780000,0x00000007debe8050,0x00000007dec00000)
  to   space 8704K, 0% used [0x00000007ddb00000,0x00000007ddb00000,0x00000007de380000)
 ParOldGen       total 86016K, used 72165K [0x0000000781600000, 0x0000000786a00000, 0x00000007d5c80000)
  object space 86016K, 83% used [0x0000000781600000,0x0000000785c795e8,0x0000000786a00000)
 PSPermGen       total 21504K, used 20260K [0x000000077c400000, 0x000000077d900000, 0x0000000781600000)
  object space 21504K, 94% used [0x000000077c400000,0x000000077d7c9268,0x000000077d900000)
Event: 16.824 GC heap after
Heap after GC invocations=9 (full 0):
 PSYoungGen      total 69120K, used 6575K [0x00000007d5c80000, 0x00000007de800000, 0x0000000800000000)
  eden space 62464K, 0% used [0x00000007d5c80000,0x00000007d5c80000,0x00000007d9980000)
  from space 6656K, 98% used [0x00000007ddb00000,0x00000007de16bce0,0x00000007de180000)
  to   space 6656K, 0% used [0x00000007de180000,0x00000007de180000,0x00000007de800000)
 ParOldGen       total 86016K, used 74074K [0x0000000781600000, 0x0000000786a00000, 0x00000007d5c80000)
  object space 86016K, 86% used [0x0000000781600000,0x0000000785e56ad8,0x0000000786a00000)
 PSPermGen       total 21504K, used 20260K [0x000000077c400000, 0x000000077d900000, 0x0000000781600000)
  object space 21504K, 94% used [0x000000077c400000,0x000000077d7c9268,0x000000077d900000)
}
Event: 21.132 GC heap before
{Heap before GC invocations=10 (full 0):
 PSYoungGen      total 69120K, used 68328K [0x00000007d5c80000, 0x00000007de800000, 0x0000000800000000)
  eden space 62464K, 98% used [0x00000007d5c80000,0x00000007d98ce3a8,0x00000007d9980000)
  from space 6656K, 98% used [0x00000007ddb00000,0x00000007de16bce0,0x00000007de180000)
  to   space 6656K, 0% used [0x00000007de180000,0x00000007de180000,0x00000007de800000)
 ParOldGen       total 86016K, used 74074K [0x0000000781600000, 0x0000000786a00000, 0x00000007d5c80000)
  object space 86016K, 86% used [0x0000000781600000,0x0000000785e56ad8,0x0000000786a00000)
 PSPermGen       total 21504K, used 20265K [0x000000077c400000, 0x000000077d900000, 0x0000000781600000)
  object space 21504K, 94% used [0x000000077c400000,0x000000077d7ca798,0x000000077d900000)
Event: 21.140 GC heap after
Heap after GC invocations=10 (full 0):
 PSYoungGen      total 67072K, used 5823K [0x00000007d5c80000, 0x00000007de780000, 0x0000000800000000)
  eden space 60928K, 0% used [0x00000007d5c80000,0x00000007d5c80000,0x00000007d9800000)
  from space 6144K, 94% used [0x00000007de180000,0x00000007de72fc70,0x00000007de780000)
  to   space 8704K, 0% used [0x00000007dd680000,0x00000007dd680000,0x00000007ddf00000)
 ParOldGen       total 86016K, used 74534K [0x0000000781600000, 0x0000000786a00000, 0x00000007d5c80000)
  object space 86016K, 86% used [0x0000000781600000,0x0000000785ec9918,0x0000000786a00000)
 PSPermGen       total 21504K, used 20265K [0x000000077c400000, 0x000000077d900000, 0x0000000781600000)
  object space 21504K, 94% used [0x000000077c400000,0x000000077d7ca798,0x000000077d900000)
}
Event: 25.464 GC heap before
{Heap before GC invocations=11 (full 0):
 PSYoungGen      total 67072K, used 66662K [0x00000007d5c80000, 0x00000007de780000, 0x0000000800000000)
  eden space 60928K, 99% used [0x00000007d5c80000,0x00000007d97e9c48,0x00000007d9800000)
  from space 6144K, 94% used [0x00000007de180000,0x00000007de72fc70,0x00000007de780000)
  to   space 8704K, 0% used [0x00000007dd680000,0x00000007dd680000,0x00000007ddf00000)
 ParOldGen       total 86016K, used 74534K [0x0000000781600000, 0x0000000786a00000, 0x00000007d5c80000)
  object space 86016K, 86% used [0x0000000781600000,0x0000000785ec9918,0x0000000786a00000)
 PSPermGen       total 21504K, used 20292K [0x000000077c400000, 0x000000077d900000, 0x0000000781600000)
  object space 21504K, 94% used [0x000000077c400000,0x000000077d7d12b8,0x000000077d900000)
Event: 25.468 GC heap after
Heap after GC invocations=11 (full 0):
 PSYoungGen      total 60928K, used 1284K [0x00000007d5c80000, 0x00000007de200000, 0x0000000800000000)
  eden space 59392K, 0% used [0x00000007d5c80000,0x00000007d5c80000,0x00000007d9680000)
  from space 1536K, 83% used [0x00000007dd680000,0x00000007dd7c1010,0x00000007dd800000)
  to   space 9216K, 0% used [0x00000007dd900000,0x00000007dd900000,0x00000007de200000)
 ParOldGen       total 86016K, used 79362K [0x0000000781600000, 0x0000000786a00000, 0x00000007d5c80000)
  object space 86016K, 92% used [0x0000000781600000,0x0000000786380898,0x0000000786a00000)
 PSPermGen       total 21504K, used 20292K [0x000000077c400000, 0x000000077d900000, 0x0000000781600000)
  object space 21504K, 94% used [0x000000077c400000,0x000000077d7d12b8,0x000000077d900000)
}
Event: 29.656 GC heap before
{Heap before GC invocations=12 (full 0):
 PSYoungGen      total 60928K, used 59852K [0x00000007d5c80000, 0x00000007de200000, 0x0000000800000000)
  eden space 59392K, 98% used [0x00000007d5c80000,0x00000007d95b2218,0x00000007d9680000)
  from space 1536K, 83% used [0x00000007dd680000,0x00000007dd7c1010,0x00000007dd800000)
  to   space 9216K, 0% used [0x00000007dd900000,0x00000007dd900000,0x00000007de200000)
 ParOldGen       total 86016K, used 79362K [0x0000000781600000, 0x0000000786a00000, 0x00000007d5c80000)
  object space 86016K, 92% used [0x0000000781600000,0x0000000786380898,0x0000000786a00000)
 PSPermGen       total 21504K, used 20296K [0x000000077c400000, 0x000000077d900000, 0x0000000781600000)
  object space 21504K, 94% used [0x000000077c400000,0x000000077d7d21c8,0x000000077d900000)
Event: 29.658 GC heap after
Heap after GC invocations=12 (full 0):
 PSYoungGen      total 60928K, used 3020K [0x00000007d5c80000, 0x00000007ddc00000, 0x0000000800000000)
  eden space 57856K, 0% used [0x00000007d5c80000,0x00000007d5c80000,0x00000007d9500000)
  from space 3072K, 98% used [0x00000007dd900000,0x00000007ddbf3030,0x00000007ddc00000)
  to   space 9216K, 0% used [0x00000007dca00000,0x00000007dca00000,0x00000007dd300000)
 ParOldGen       total 86016K, used 79598K [0x0000000781600000, 0x0000000786a00000, 0x00000007d5c80000)
  object space 86016K, 92% used [0x0000000781600000,0x00000007863bbb48,0x0000000786a00000)
 PSPermGen       total 21504K, used 20296K [0x000000077c400000, 0x000000077d900000, 0x0000000781600000)
  object space 21504K, 94% used [0x000000077c400000,0x000000077d7d21c8,0x000000077d900000)
}

