# JRE version: Java(TM) SE Runtime Environment (7.0_55-b13) (build 1.7.0_55-b13)
# Java VM: Java HotSpot(TM) 64-Bit Server VM (24.55-b03 mixed mode windows-amd64 compressed oops)
Heap
 PSYoungGen      total 133120K, used 82080K [0x00000007d5c80000, 0x00000007de880000, 0x0000000800000000)
  eden space 128000K, 60% used [0x00000007d5c80000,0x00000007da7aa998,0x00000007dd980000)
  from space 5120K, 99% used [0x00000007dde80000,0x00000007de37d9c0,0x00000007de380000)
  to   space 5120K, 0% used [0x00000007de380000,0x00000007de380000,0x00000007de880000)
 ParOldGen       total 86016K, used 5714K [0x0000000781600000, 0x0000000786a00000, 0x00000007d5c80000)
  object space 86016K, 6% used [0x0000000781600000,0x0000000781b94b78,0x0000000786a00000)
 PSPermGen       total 21504K, used 20111K [0x000000077c400000, 0x000000077d900000, 0x0000000781600000)
  object space 21504K, 93% used [0x000000077c400000,0x000000077d7a3d70,0x000000077d900000)
GC Heap History (10 events):
Event: 1.115 GC heap before
{Heap before GC invocations=1 (full 0):
 PSYoungGen      total 38400K, used 33280K [0x00000007d5c80000, 0x00000007d8700000, 0x0000000800000000)
  eden space 33280K, 100% used [0x00000007d5c80000,0x00000007d7d00000,0x00000007d7d00000)
  from space 5120K, 0% used [0x00000007d8200000,0x00000007d8200000,0x00000007d8700000)
  to   space 5120K, 0% used [0x00000007d7d00000,0x00000007d7d00000,0x00000007d8200000)
 ParOldGen       total 86016K, used 0K [0x0000000781600000, 0x0000000786a00000, 0x00000007d5c80000)
  object space 86016K, 0% used [0x0000000781600000,0x0000000781600000,0x0000000786a00000)
 PSPermGen       total 21504K, used 16208K [0x000000077c400000, 0x000000077d900000, 0x0000000781600000)
  object space 21504K, 75% used [0x000000077c400000,0x000000077d3d4090,0x000000077d900000)
Event: 1.129 GC heap after
Heap after GC invocations=1 (full 0):
 PSYoungGen      total 38400K, used 5100K [0x00000007d5c80000, 0x00000007da780000, 0x0000000800000000)
  eden space 33280K, 0% used [0x00000007d5c80000,0x00000007d5c80000,0x00000007d7d00000)
  from space 5120K, 99% used [0x00000007d7d00000,0x00000007d81fb000,0x00000007d8200000)
  to   space 5120K, 0% used [0x00000007da280000,0x00000007da280000,0x00000007da780000)
 ParOldGen       total 86016K, used 588K [0x0000000781600000, 0x0000000786a00000, 0x00000007d5c80000)
  object space 86016K, 0% used [0x0000000781600000,0x0000000781693050,0x0000000786a00000)
 PSPermGen       total 21504K, used 16208K [0x000000077c400000, 0x000000077d900000, 0x0000000781600000)
  object space 21504K, 75% used [0x000000077c400000,0x000000077d3d4090,0x000000077d900000)
}
Event: 1.556 GC heap before
{Heap before GC invocations=2 (full 0):
 PSYoungGen      total 38400K, used 38380K [0x00000007d5c80000, 0x00000007da780000, 0x0000000800000000)
  eden space 33280K, 100% used [0x00000007d5c80000,0x00000007d7d00000,0x00000007d7d00000)
  from space 5120K, 99% used [0x00000007d7d00000,0x00000007d81fb000,0x00000007d8200000)
  to   space 5120K, 0% used [0x00000007da280000,0x00000007da280000,0x00000007da780000)
 ParOldGen       total 86016K, used 588K [0x0000000781600000, 0x0000000786a00000, 0x00000007d5c80000)
  object space 86016K, 0% used [0x0000000781600000,0x0000000781693050,0x0000000786a00000)
 PSPermGen       total 21504K, used 17836K [0x000000077c400000, 0x000000077d900000, 0x0000000781600000)
  object space 21504K, 82% used [0x000000077c400000,0x000000077d56b310,0x000000077d900000)
Event: 1.565 GC heap after
Heap after GC invocations=2 (full 0):
 PSYoungGen      total 71680K, used 5089K [0x00000007d5c80000, 0x00000007da780000, 0x0000000800000000)
  eden space 66560K, 0% used [0x00000007d5c80000,0x00000007d5c80000,0x00000007d9d80000)
  from space 5120K, 99% used [0x00000007da280000,0x00000007da778620,0x00000007da780000)
  to   space 5120K, 0% used [0x00000007d9d80000,0x00000007d9d80000,0x00000007da280000)
 ParOldGen       total 86016K, used 1077K [0x0000000781600000, 0x0000000786a00000, 0x00000007d5c80000)
  object space 86016K, 1% used [0x0000000781600000,0x000000078170d740,0x0000000786a00000)
 PSPermGen       total 21504K, used 17836K [0x000000077c400000, 0x000000077d900000, 0x0000000781600000)
  object space 21504K, 82% used [0x000000077c400000,0x000000077d56b310,0x000000077d900000)
}
Event: 4.503 GC heap before
{Heap before GC invocations=3 (full 0):
 PSYoungGen      total 71680K, used 71036K [0x00000007d5c80000, 0x00000007da780000, 0x0000000800000000)
  eden space 66560K, 99% used [0x00000007d5c80000,0x00000007d9ce6c28,0x00000007d9d80000)
  from space 5120K, 99% used [0x00000007da280000,0x00000007da778620,0x00000007da780000)
  to   space 5120K, 0% used [0x00000007d9d80000,0x00000007d9d80000,0x00000007da280000)
 ParOldGen       total 86016K, used 1077K [0x0000000781600000, 0x0000000786a00000, 0x00000007d5c80000)
  object space 86016K, 1% used [0x0000000781600000,0x000000078170d740,0x0000000786a00000)
 PSPermGen       total 21504K, used 18098K [0x000000077c400000, 0x000000077d900000, 0x0000000781600000)
  object space 21504K, 84% used [0x000000077c400000,0x000000077d5acb98,0x000000077d900000)
Event: 4.519 GC heap after
Heap after GC invocations=3 (full 0):
 PSYoungGen      total 71680K, used 5110K [0x00000007d5c80000, 0x00000007de880000, 0x0000000800000000)
  eden space 66560K, 0% used [0x00000007d5c80000,0x00000007d5c80000,0x00000007d9d80000)
  from space 5120K, 99% used [0x00000007d9d80000,0x00000007da27d9d0,0x00000007da280000)
  to   space 5120K, 0% used [0x00000007de380000,0x00000007de380000,0x00000007de880000)
 ParOldGen       total 86016K, used 2381K [0x0000000781600000, 0x0000000786a00000, 0x00000007d5c80000)
  object space 86016K, 2% used [0x0000000781600000,0x00000007818534b0,0x0000000786a00000)
 PSPermGen       total 21504K, used 18098K [0x000000077c400000, 0x000000077d900000, 0x0000000781600000)
  object space 21504K, 84% used [0x000000077c400000,0x000000077d5acb98,0x000000077d900000)
}
Event: 6.415 GC heap before
{Heap before GC invocations=4 (full 0):
 PSYoungGen      total 71680K, used 71670K [0x00000007d5c80000, 0x00000007de880000, 0x0000000800000000)
  eden space 66560K, 100% used [0x00000007d5c80000,0x00000007d9d80000,0x00000007d9d80000)
  from space 5120K, 99% used [0x00000007d9d80000,0x00000007da27d9d0,0x00000007da280000)
  to   space 5120K, 0% used [0x00000007de380000,0x00000007de380000,0x00000007de880000)
 ParOldGen       total 86016K, used 2381K [0x0000000781600000, 0x0000000786a00000, 0x00000007d5c80000)
  object space 86016K, 2% used [0x0000000781600000,0x00000007818534b0,0x0000000786a00000)
 PSPermGen       total 21504K, used 18342K [0x000000077c400000, 0x000000077d900000, 0x0000000781600000)
  object space 21504K, 85% used [0x000000077c400000,0x000000077d5e98a8,0x000000077d900000)
Event: 6.425 GC heap after
Heap after GC invocations=4 (full 0):
 PSYoungGen      total 138240K, used 5094K [0x00000007d5c80000, 0x00000007de880000, 0x0000000800000000)
  eden space 133120K, 0% used [0x00000007d5c80000,0x00000007d5c80000,0x00000007dde80000)
  from space 5120K, 99% used [0x00000007de380000,0x00000007de8799c0,0x00000007de880000)
  to   space 5120K, 0% used [0x00000007dde80000,0x00000007dde80000,0x00000007de380000)
 ParOldGen       total 86016K, used 3617K [0x0000000781600000, 0x0000000786a00000, 0x00000007d5c80000)
  object space 86016K, 4% used [0x0000000781600000,0x0000000781988740,0x0000000786a00000)
 PSPermGen       total 21504K, used 18342K [0x000000077c400000, 0x000000077d900000, 0x0000000781600000)
  object space 21504K, 85% used [0x000000077c400000,0x000000077d5e98a8,0x000000077d900000)
}
Event: 8.943 GC heap before
{Heap before GC invocations=5 (full 0):
 PSYoungGen      total 138240K, used 138214K [0x00000007d5c80000, 0x00000007de880000, 0x0000000800000000)
  eden space 133120K, 100% used [0x00000007d5c80000,0x00000007dde80000,0x00000007dde80000)
  from space 5120K, 99% used [0x00000007de380000,0x00000007de8799c0,0x00000007de880000)
  to   space 5120K, 0% used [0x00000007dde80000,0x00000007dde80000,0x00000007de380000)
 ParOldGen       total 86016K, used 3617K [0x0000000781600000, 0x0000000786a00000, 0x00000007d5c80000)
  object space 86016K, 4% used [0x0000000781600000,0x0000000781988740,0x0000000786a00000)
 PSPermGen       total 21504K, used 19571K [0x000000077c400000, 0x000000077d900000, 0x0000000781600000)
  object space 21504K, 91% used [0x000000077c400000,0x000000077d71cc00,0x000000077d900000)
Event: 8.955 GC heap after
Heap after GC invocations=5 (full 0):
 PSYoungGen      total 133120K, used 5110K [0x00000007d5c80000, 0x00000007de880000, 0x0000000800000000)
  eden space 128000K, 0% used [0x00000007d5c80000,0x00000007d5c80000,0x00000007dd980000)
  from space 5120K, 99% used [0x00000007dde80000,0x00000007de37d9c0,0x00000007de380000)
  to   space 5120K, 0% used [0x00000007de380000,0x00000007de380000,0x00000007de880000)
 ParOldGen       total 86016K, used 5714K [0x0000000781600000, 0x0000000786a00000, 0x00000007d5c80000)
  object space 86016K, 6% used [0x0000000781600000,0x0000000781b94b78,0x0000000786a00000)
 PSPermGen       total 21504K, used 19571K [0x000000077c400000, 0x000000077d900000, 0x0000000781600000)
  object space 21504K, 91% used [0x000000077c400000,0x000000077d71cc00,0x000000077d900000)
}

