# JRE version: Java(TM) SE Runtime Environment (7.0_55-b13) (build 1.7.0_55-b13)
# Java VM: Java HotSpot(TM) 64-Bit Server VM (24.55-b03 mixed mode windows-amd64 compressed oops)
Heap
 PSYoungGen      total 58880K, used 17529K [0x00000007d5c80000, 0x00000007ddc00000, 0x0000000800000000)
  eden space 56320K, 26% used [0x00000007d5c80000,0x00000007d6b386c8,0x00000007d9380000)
  from space 2560K, 95% used [0x00000007dca80000,0x00000007dcce6030,0x00000007dcd00000)
  to   space 11776K, 0% used [0x00000007dd080000,0x00000007dd080000,0x00000007ddc00000)
 ParOldGen       total 86016K, used 53878K [0x0000000781600000, 0x0000000786a00000, 0x00000007d5c80000)
  object space 86016K, 62% used [0x0000000781600000,0x0000000784a9dab0,0x0000000786a00000)
 PSPermGen       total 21504K, used 20141K [0x000000077c400000, 0x000000077d900000, 0x0000000781600000)
  object space 21504K, 93% used [0x000000077c400000,0x000000077d7ab7e0,0x000000077d900000)
GC Heap History (10 events):
Event: 11.432 GC heap before
{Heap before GC invocations=7 (full 0):
 PSYoungGen      total 71168K, used 70931K [0x00000007d5c80000, 0x00000007dec00000, 0x0000000800000000)
  eden space 64512K, 100% used [0x00000007d5c80000,0x00000007d9b80000,0x00000007d9b80000)
  from space 6656K, 96% used [0x00000007de580000,0x00000007debc4e00,0x00000007dec00000)
  to   space 7680K, 0% used [0x00000007ddd00000,0x00000007ddd00000,0x00000007de480000)
 ParOldGen       total 86016K, used 4181K [0x0000000781600000, 0x0000000786a00000, 0x00000007d5c80000)
  object space 86016K, 4% used [0x0000000781600000,0x0000000781a155f0,0x0000000786a00000)
 PSPermGen       total 21504K, used 18232K [0x000000077c400000, 0x000000077d900000, 0x0000000781600000)
  object space 21504K, 84% used [0x000000077c400000,0x000000077d5ce3f0,0x000000077d900000)
Event: 11.445 GC heap after
Heap after GC invocations=7 (full 0):
 PSYoungGen      total 66560K, used 3628K [0x00000007d5c80000, 0x00000007de600000, 0x0000000800000000)
  eden space 62464K, 0% used [0x00000007d5c80000,0x00000007d5c80000,0x00000007d9980000)
  from space 4096K, 88% used [0x00000007ddd00000,0x00000007de08b030,0x00000007de100000)
  to   space 5120K, 0% used [0x00000007de100000,0x00000007de100000,0x00000007de600000)
 ParOldGen       total 86016K, used 8016K [0x0000000781600000, 0x0000000786a00000, 0x00000007d5c80000)
  object space 86016K, 9% used [0x0000000781600000,0x0000000781dd43c8,0x0000000786a00000)
 PSPermGen       total 21504K, used 18232K [0x000000077c400000, 0x000000077d900000, 0x0000000781600000)
  object space 21504K, 84% used [0x000000077c400000,0x000000077d5ce3f0,0x000000077d900000)
}
Event: 12.152 GC heap before
{Heap before GC invocations=8 (full 0):
 PSYoungGen      total 66560K, used 65716K [0x00000007d5c80000, 0x00000007de600000, 0x0000000800000000)
  eden space 62464K, 99% used [0x00000007d5c80000,0x00000007d99223a8,0x00000007d9980000)
  from space 4096K, 88% used [0x00000007ddd00000,0x00000007de08b030,0x00000007de100000)
  to   space 5120K, 0% used [0x00000007de100000,0x00000007de100000,0x00000007de600000)
 ParOldGen       total 86016K, used 8016K [0x0000000781600000, 0x0000000786a00000, 0x00000007d5c80000)
  object space 86016K, 9% used [0x0000000781600000,0x0000000781dd43c8,0x0000000786a00000)
 PSPermGen       total 21504K, used 18375K [0x000000077c400000, 0x000000077d900000, 0x0000000781600000)
  object space 21504K, 85% used [0x000000077c400000,0x000000077d5f1f60,0x000000077d900000)
Event: 12.156 GC heap after
Heap after GC invocations=8 (full 0):
 PSYoungGen      total 65536K, used 4386K [0x00000007d5c80000, 0x00000007de580000, 0x0000000800000000)
  eden space 60928K, 0% used [0x00000007d5c80000,0x00000007d5c80000,0x00000007d9800000)
  from space 4608K, 95% used [0x00000007de100000,0x00000007de548b88,0x00000007de580000)
  to   space 7680K, 0% used [0x00000007dd680000,0x00000007dd680000,0x00000007dde00000)
 ParOldGen       total 86016K, used 8194K [0x0000000781600000, 0x0000000786a00000, 0x00000007d5c80000)
  object space 86016K, 9% used [0x0000000781600000,0x0000000781e00988,0x0000000786a00000)
 PSPermGen       total 21504K, used 18375K [0x000000077c400000, 0x000000077d900000, 0x0000000781600000)
  object space 21504K, 85% used [0x000000077c400000,0x000000077d5f1f60,0x000000077d900000)
}
Event: 13.000 GC heap before
{Heap before GC invocations=9 (full 0):
 PSYoungGen      total 65536K, used 65089K [0x00000007d5c80000, 0x00000007de580000, 0x0000000800000000)
  eden space 60928K, 99% used [0x00000007d5c80000,0x00000007d97c7a98,0x00000007d9800000)
  from space 4608K, 95% used [0x00000007de100000,0x00000007de548b88,0x00000007de580000)
  to   space 7680K, 0% used [0x00000007dd680000,0x00000007dd680000,0x00000007dde00000)
 ParOldGen       total 86016K, used 8194K [0x0000000781600000, 0x0000000786a00000, 0x00000007d5c80000)
  object space 86016K, 9% used [0x0000000781600000,0x0000000781e00988,0x0000000786a00000)
 PSPermGen       total 21504K, used 18386K [0x000000077c400000, 0x000000077d900000, 0x0000000781600000)
  object space 21504K, 85% used [0x000000077c400000,0x000000077d5f4af8,0x000000077d900000)
Event: 13.003 GC heap after
Heap after GC invocations=9 (full 0):
 PSYoungGen      total 64512K, used 4756K [0x00000007d5c80000, 0x00000007de180000, 0x0000000800000000)
  eden space 59392K, 0% used [0x00000007d5c80000,0x00000007d5c80000,0x00000007d9680000)
  from space 5120K, 92% used [0x00000007dd680000,0x00000007ddb25050,0x00000007ddb80000)
  to   space 6144K, 0% used [0x00000007ddb80000,0x00000007ddb80000,0x00000007de180000)
 ParOldGen       total 86016K, used 9498K [0x0000000781600000, 0x0000000786a00000, 0x00000007d5c80000)
  object space 86016K, 11% used [0x0000000781600000,0x0000000781f46a28,0x0000000786a00000)
 PSPermGen       total 21504K, used 18386K [0x000000077c400000, 0x000000077d900000, 0x0000000781600000)
  object space 21504K, 85% used [0x000000077c400000,0x000000077d5f4af8,0x000000077d900000)
}
Event: 13.959 GC heap before
{Heap before GC invocations=10 (full 0):
 PSYoungGen      total 64512K, used 63311K [0x00000007d5c80000, 0x00000007de180000, 0x0000000800000000)
  eden space 59392K, 98% used [0x00000007d5c80000,0x00000007d95aee10,0x00000007d9680000)
  from space 5120K, 92% used [0x00000007dd680000,0x00000007ddb25050,0x00000007ddb80000)
  to   space 6144K, 0% used [0x00000007ddb80000,0x00000007ddb80000,0x00000007de180000)
 ParOldGen       total 86016K, used 9498K [0x0000000781600000, 0x0000000786a00000, 0x00000007d5c80000)
  object space 86016K, 11% used [0x0000000781600000,0x0000000781f46a28,0x0000000786a00000)
 PSPermGen       total 21504K, used 19042K [0x000000077c400000, 0x000000077d900000, 0x0000000781600000)
  object space 21504K, 88% used [0x000000077c400000,0x000000077d698a10,0x000000077d900000)
Event: 13.976 GC heap after
Heap after GC invocations=10 (full 0):
 PSYoungGen      total 64000K, used 6116K [0x00000007d5c80000, 0x00000007de180000, 0x0000000800000000)
  eden space 57856K, 0% used [0x00000007d5c80000,0x00000007d5c80000,0x00000007d9500000)
  from space 6144K, 99% used [0x00000007ddb80000,0x00000007de179010,0x00000007de180000)
  to   space 11776K, 0% used [0x00000007dca80000,0x00000007dca80000,0x00000007dd600000)
 ParOldGen       total 86016K, used 19595K [0x0000000781600000, 0x0000000786a00000, 0x00000007d5c80000)
  object space 86016K, 22% used [0x0000000781600000,0x0000000782922d20,0x0000000786a00000)
 PSPermGen       total 21504K, used 19042K [0x000000077c400000, 0x000000077d900000, 0x0000000781600000)
  object space 21504K, 88% used [0x000000077c400000,0x000000077d698a10,0x000000077d900000)
}
Event: 14.877 GC heap before
{Heap before GC invocations=11 (full 0):
 PSYoungGen      total 64000K, used 63967K [0x00000007d5c80000, 0x00000007de180000, 0x0000000800000000)
  eden space 57856K, 99% used [0x00000007d5c80000,0x00000007d94fee80,0x00000007d9500000)
  from space 6144K, 99% used [0x00000007ddb80000,0x00000007de179010,0x00000007de180000)
  to   space 11776K, 0% used [0x00000007dca80000,0x00000007dca80000,0x00000007dd600000)
 ParOldGen       total 86016K, used 53763K [0x0000000781600000, 0x0000000786a00000, 0x00000007d5c80000)
  object space 86016K, 62% used [0x0000000781600000,0x0000000784a80c70,0x0000000786a00000)
 PSPermGen       total 21504K, used 20078K [0x000000077c400000, 0x000000077d900000, 0x0000000781600000)
  object space 21504K, 93% used [0x000000077c400000,0x000000077d79bbb8,0x000000077d900000)
Event: 14.889 GC heap after
Heap after GC invocations=11 (full 0):
 PSYoungGen      total 58880K, used 2456K [0x00000007d5c80000, 0x00000007ddc00000, 0x0000000800000000)
  eden space 56320K, 0% used [0x00000007d5c80000,0x00000007d5c80000,0x00000007d9380000)
  from space 2560K, 95% used [0x00000007dca80000,0x00000007dcce6030,0x00000007dcd00000)
  to   space 11776K, 0% used [0x00000007dd080000,0x00000007dd080000,0x00000007ddc00000)
 ParOldGen       total 86016K, used 53878K [0x0000000781600000, 0x0000000786a00000, 0x00000007d5c80000)
  object space 86016K, 62% used [0x0000000781600000,0x0000000784a9dab0,0x0000000786a00000)
 PSPermGen       total 21504K, used 20078K [0x000000077c400000, 0x000000077d900000, 0x0000000781600000)
  object space 21504K, 93% used [0x000000077c400000,0x000000077d79bbb8,0x000000077d900000)
}

