# JRE version: Java(TM) SE Runtime Environment (7.0_55-b13) (build 1.7.0_55-b13)
# Java VM: Java HotSpot(TM) 64-Bit Server VM (24.55-b03 mixed mode windows-amd64 compressed oops)
Heap
 PSYoungGen      total 29184K, used 6721K [0x00000007d5c80000, 0x00000007d7f00000, 0x0000000800000000)
  eden space 23040K, 29% used [0x00000007d5c80000,0x00000007d63106d0,0x00000007d7300000)
  from space 6144K, 0% used [0x00000007d7300000,0x00000007d7300000,0x00000007d7900000)
  to   space 6144K, 0% used [0x00000007d7900000,0x00000007d7900000,0x00000007d7f00000)
 ParOldGen       total 56320K, used 13375K [0x0000000781600000, 0x0000000784d00000, 0x00000007d5c80000)
  object space 56320K, 23% used [0x0000000781600000,0x000000078230fef0,0x0000000784d00000)
 PSPermGen       total 41472K, used 20592K [0x000000077c400000, 0x000000077ec80000, 0x0000000781600000)
  object space 41472K, 49% used [0x000000077c400000,0x000000077d81c340,0x000000077ec80000)
GC Heap History (10 events):
Event: 56.483 GC heap before
{Heap before GC invocations=44 (full 0):
 PSYoungGen      total 28672K, used 24373K [0x00000007d5c80000, 0x00000007d7e00000, 0x0000000800000000)
  eden space 23040K, 92% used [0x00000007d5c80000,0x00000007d7169590,0x00000007d7300000)
  from space 5632K, 52% used [0x00000007d7300000,0x00000007d75e4000,0x00000007d7880000)
  to   space 5632K, 0% used [0x00000007d7880000,0x00000007d7880000,0x00000007d7e00000)
 ParOldGen       total 86016K, used 62199K [0x0000000781600000, 0x0000000786a00000, 0x00000007d5c80000)
  object space 86016K, 72% used [0x0000000781600000,0x00000007852bde90,0x0000000786a00000)
 PSPermGen       total 21504K, used 20542K [0x000000077c400000, 0x000000077d900000, 0x0000000781600000)
  object space 21504K, 95% used [0x000000077c400000,0x000000077d80fac0,0x000000077d900000)
Event: 56.487 GC heap after
Heap after GC invocations=44 (full 0):
 PSYoungGen      total 27648K, used 1652K [0x00000007d5c80000, 0x00000007d7d00000, 0x0000000800000000)
  eden space 23040K, 0% used [0x00000007d5c80000,0x00000007d5c80000,0x00000007d7300000)
  from space 4608K, 35% used [0x00000007d7880000,0x00000007d7a1d060,0x00000007d7d00000)
  to   space 5120K, 0% used [0x00000007d7300000,0x00000007d7300000,0x00000007d7800000)
 ParOldGen       total 86016K, used 67856K [0x0000000781600000, 0x0000000786a00000, 0x00000007d5c80000)
  object space 86016K, 78% used [0x0000000781600000,0x0000000785844060,0x0000000786a00000)
 PSPermGen       total 21504K, used 20542K [0x000000077c400000, 0x000000077d900000, 0x0000000781600000)
  object space 21504K, 95% used [0x000000077c400000,0x000000077d80fac0,0x000000077d900000)
}
Event: 60.267 GC heap before
{Heap before GC invocations=45 (full 0):
 PSYoungGen      total 27648K, used 23920K [0x00000007d5c80000, 0x00000007d7d00000, 0x0000000800000000)
  eden space 23040K, 96% used [0x00000007d5c80000,0x00000007d723f088,0x00000007d7300000)
  from space 4608K, 35% used [0x00000007d7880000,0x00000007d7a1d060,0x00000007d7d00000)
  to   space 5120K, 0% used [0x00000007d7300000,0x00000007d7300000,0x00000007d7800000)
 ParOldGen       total 86016K, used 67856K [0x0000000781600000, 0x0000000786a00000, 0x00000007d5c80000)
  object space 86016K, 78% used [0x0000000781600000,0x0000000785844060,0x0000000786a00000)
 PSPermGen       total 21504K, used 20554K [0x000000077c400000, 0x000000077d900000, 0x0000000781600000)
  object space 21504K, 95% used [0x000000077c400000,0x000000077d812ad0,0x000000077d900000)
Event: 60.272 GC heap after
Heap after GC invocations=45 (full 0):
 PSYoungGen      total 28160K, used 4969K [0x00000007d5c80000, 0x00000007d7f00000, 0x0000000800000000)
  eden space 23040K, 0% used [0x00000007d5c80000,0x00000007d5c80000,0x00000007d7300000)
  from space 5120K, 97% used [0x00000007d7300000,0x00000007d77da730,0x00000007d7800000)
  to   space 6144K, 0% used [0x00000007d7900000,0x00000007d7900000,0x00000007d7f00000)
 ParOldGen       total 86016K, used 69085K [0x0000000781600000, 0x0000000786a00000, 0x00000007d5c80000)
  object space 86016K, 80% used [0x0000000781600000,0x0000000785977440,0x0000000786a00000)
 PSPermGen       total 21504K, used 20554K [0x000000077c400000, 0x000000077d900000, 0x0000000781600000)
  object space 21504K, 95% used [0x000000077c400000,0x000000077d812ad0,0x000000077d900000)
}
Event: 64.747 GC heap before
{Heap before GC invocations=46 (full 0):
 PSYoungGen      total 28160K, used 27896K [0x00000007d5c80000, 0x00000007d7f00000, 0x0000000800000000)
  eden space 23040K, 99% used [0x00000007d5c80000,0x00000007d72e3b10,0x00000007d7300000)
  from space 5120K, 97% used [0x00000007d7300000,0x00000007d77da730,0x00000007d7800000)
  to   space 6144K, 0% used [0x00000007d7900000,0x00000007d7900000,0x00000007d7f00000)
 ParOldGen       total 86016K, used 69085K [0x0000000781600000, 0x0000000786a00000, 0x00000007d5c80000)
  object space 86016K, 80% used [0x0000000781600000,0x0000000785977440,0x0000000786a00000)
 PSPermGen       total 21504K, used 20588K [0x000000077c400000, 0x000000077d900000, 0x0000000781600000)
  object space 21504K, 95% used [0x000000077c400000,0x000000077d81b210,0x000000077d900000)
Event: 64.752 GC heap after
Heap after GC invocations=46 (full 0):
 PSYoungGen      total 29184K, used 4580K [0x00000007d5c80000, 0x00000007d7f00000, 0x0000000800000000)
  eden space 23040K, 0% used [0x00000007d5c80000,0x00000007d5c80000,0x00000007d7300000)
  from space 6144K, 74% used [0x00000007d7900000,0x00000007d7d79080,0x00000007d7f00000)
  to   space 6144K, 0% used [0x00000007d7300000,0x00000007d7300000,0x00000007d7900000)
 ParOldGen       total 86016K, used 76583K [0x0000000781600000, 0x0000000786a00000, 0x00000007d5c80000)
  object space 86016K, 89% used [0x0000000781600000,0x00000007860c9f00,0x0000000786a00000)
 PSPermGen       total 21504K, used 20588K [0x000000077c400000, 0x000000077d900000, 0x0000000781600000)
  object space 21504K, 95% used [0x000000077c400000,0x000000077d81b210,0x000000077d900000)
}
Event: 65.596 GC heap before
{Heap before GC invocations=47 (full 0):
 PSYoungGen      total 29184K, used 27510K [0x00000007d5c80000, 0x00000007d7f00000, 0x0000000800000000)
  eden space 23040K, 99% used [0x00000007d5c80000,0x00000007d72e4a28,0x00000007d7300000)
  from space 6144K, 74% used [0x00000007d7900000,0x00000007d7d79080,0x00000007d7f00000)
  to   space 6144K, 0% used [0x00000007d7300000,0x00000007d7300000,0x00000007d7900000)
 ParOldGen       total 86016K, used 76583K [0x0000000781600000, 0x0000000786a00000, 0x00000007d5c80000)
  object space 86016K, 89% used [0x0000000781600000,0x00000007860c9f00,0x0000000786a00000)
 PSPermGen       total 21504K, used 20589K [0x000000077c400000, 0x000000077d900000, 0x0000000781600000)
  object space 21504K, 95% used [0x000000077c400000,0x000000077d81b740,0x000000077d900000)
Event: 65.599 GC heap after
Heap after GC invocations=47 (full 0):
 PSYoungGen      total 29184K, used 1124K [0x00000007d5c80000, 0x00000007d7f00000, 0x0000000800000000)
  eden space 23040K, 0% used [0x00000007d5c80000,0x00000007d5c80000,0x00000007d7300000)
  from space 6144K, 18% used [0x00000007d7300000,0x00000007d7419010,0x00000007d7900000)
  to   space 6144K, 0% used [0x00000007d7900000,0x00000007d7900000,0x00000007d7f00000)
 ParOldGen       total 86016K, used 83476K [0x0000000781600000, 0x0000000786a00000, 0x00000007d5c80000)
  object space 86016K, 97% used [0x0000000781600000,0x00000007867853c0,0x0000000786a00000)
 PSPermGen       total 21504K, used 20589K [0x000000077c400000, 0x000000077d900000, 0x0000000781600000)
  object space 21504K, 95% used [0x000000077c400000,0x000000077d81b740,0x000000077d900000)
}
Event: 65.599 GC heap before
{Heap before GC invocations=48 (full 1):
 PSYoungGen      total 29184K, used 1124K [0x00000007d5c80000, 0x00000007d7f00000, 0x0000000800000000)
  eden space 23040K, 0% used [0x00000007d5c80000,0x00000007d5c80000,0x00000007d7300000)
  from space 6144K, 18% used [0x00000007d7300000,0x00000007d7419010,0x00000007d7900000)
  to   space 6144K, 0% used [0x00000007d7900000,0x00000007d7900000,0x00000007d7f00000)
 ParOldGen       total 86016K, used 83476K [0x0000000781600000, 0x0000000786a00000, 0x00000007d5c80000)
  object space 86016K, 97% used [0x0000000781600000,0x00000007867853c0,0x0000000786a00000)
 PSPermGen       total 21504K, used 20589K [0x000000077c400000, 0x000000077d900000, 0x0000000781600000)
  object space 21504K, 95% used [0x000000077c400000,0x000000077d81b740,0x000000077d900000)
Event: 65.735 GC heap after
Heap after GC invocations=48 (full 1):
 PSYoungGen      total 29184K, used 0K [0x00000007d5c80000, 0x00000007d7f00000, 0x0000000800000000)
  eden space 23040K, 0% used [0x00000007d5c80000,0x00000007d5c80000,0x00000007d7300000)
  from space 6144K, 0% used [0x00000007d7300000,0x00000007d7300000,0x00000007d7900000)
  to   space 6144K, 0% used [0x00000007d7900000,0x00000007d7900000,0x00000007d7f00000)
 ParOldGen       total 56320K, used 13375K [0x0000000781600000, 0x0000000784d00000, 0x00000007d5c80000)
  object space 56320K, 23% used [0x0000000781600000,0x000000078230fef0,0x0000000784d00000)
 PSPermGen       total 41472K, used 20583K [0x000000077c400000, 0x000000077ec80000, 0x0000000781600000)
  object space 41472K, 49% used [0x000000077c400000,0x000000077d819d38,0x000000077ec80000)
}

