# JRE version: Java(TM) SE Runtime Environment (7.0_55-b13) (build 1.7.0_55-b13)
# Java VM: Java HotSpot(TM) 64-Bit Server VM (24.55-b03 mixed mode windows-amd64 compressed oops)
Heap
 PSYoungGen      total 54272K, used 13434K [0x00000007d5c80000, 0x00000007d9d00000, 0x0000000800000000)
  eden space 44544K, 27% used [0x00000007d5c80000,0x00000007d686da70,0x00000007d8800000)
  from space 9728K, 12% used [0x00000007d9380000,0x00000007d94b1010,0x00000007d9d00000)
  to   space 10752K, 0% used [0x00000007d8800000,0x00000007d8800000,0x00000007d9280000)
 ParOldGen       total 92160K, used 57531K [0x0000000781600000, 0x0000000787000000, 0x00000007d5c80000)
  object space 92160K, 62% used [0x0000000781600000,0x0000000784e2ee10,0x0000000787000000)
 PSPermGen       total 44544K, used 22228K [0x000000077c400000, 0x000000077ef80000, 0x0000000781600000)
  object space 44544K, 49% used [0x000000077c400000,0x000000077d9b5308,0x000000077ef80000)
GC Heap History (10 events):
Event: 75.679 GC heap before
{Heap before GC invocations=27 (full 0):
 PSYoungGen      total 58368K, used 54388K [0x00000007d5c80000, 0x00000007da200000, 0x0000000800000000)
  eden space 48640K, 100% used [0x00000007d5c80000,0x00000007d8c00000,0x00000007d8c00000)
  from space 9728K, 59% used [0x00000007d9880000,0x00000007d9e1d0b0,0x00000007da200000)
  to   space 11264K, 0% used [0x00000007d8c00000,0x00000007d8c00000,0x00000007d9700000)
 ParOldGen       total 86016K, used 74220K [0x0000000781600000, 0x0000000786a00000, 0x00000007d5c80000)
  object space 86016K, 86% used [0x0000000781600000,0x0000000785e7b1f8,0x0000000786a00000)
 PSPermGen       total 22528K, used 22092K [0x000000077c400000, 0x000000077da00000, 0x0000000781600000)
  object space 22528K, 98% used [0x000000077c400000,0x000000077d993118,0x000000077da00000)
Event: 75.686 GC heap after
Heap after GC invocations=27 (full 0):
 PSYoungGen      total 49152K, used 1524K [0x00000007d5c80000, 0x00000007da000000, 0x0000000800000000)
  eden space 47616K, 0% used [0x00000007d5c80000,0x00000007d5c80000,0x00000007d8b00000)
  from space 1536K, 99% used [0x00000007d8c00000,0x00000007d8d7d020,0x00000007d8d80000)
  to   space 10752K, 0% used [0x00000007d9580000,0x00000007d9580000,0x00000007da000000)
 ParOldGen       total 86016K, used 83821K [0x0000000781600000, 0x0000000786a00000, 0x00000007d5c80000)
  object space 86016K, 97% used [0x0000000781600000,0x00000007867db758,0x0000000786a00000)
 PSPermGen       total 22528K, used 22092K [0x000000077c400000, 0x000000077da00000, 0x0000000781600000)
  object space 22528K, 98% used [0x000000077c400000,0x000000077d993118,0x000000077da00000)
}
Event: 75.686 GC heap before
{Heap before GC invocations=28 (full 1):
 PSYoungGen      total 49152K, used 1524K [0x00000007d5c80000, 0x00000007da000000, 0x0000000800000000)
  eden space 47616K, 0% used [0x00000007d5c80000,0x00000007d5c80000,0x00000007d8b00000)
  from space 1536K, 99% used [0x00000007d8c00000,0x00000007d8d7d020,0x00000007d8d80000)
  to   space 10752K, 0% used [0x00000007d9580000,0x00000007d9580000,0x00000007da000000)
 ParOldGen       total 86016K, used 83821K [0x0000000781600000, 0x0000000786a00000, 0x00000007d5c80000)
  object space 86016K, 97% used [0x0000000781600000,0x00000007867db758,0x0000000786a00000)
 PSPermGen       total 22528K, used 22092K [0x000000077c400000, 0x000000077da00000, 0x0000000781600000)
  object space 22528K, 98% used [0x000000077c400000,0x000000077d993118,0x000000077da00000)
Event: 75.818 GC heap after
Heap after GC invocations=28 (full 1):
 PSYoungGen      total 49152K, used 0K [0x00000007d5c80000, 0x00000007da000000, 0x0000000800000000)
  eden space 47616K, 0% used [0x00000007d5c80000,0x00000007d5c80000,0x00000007d8b00000)
  from space 1536K, 0% used [0x00000007d8c00000,0x00000007d8c00000,0x00000007d8d80000)
  to   space 10752K, 0% used [0x00000007d9580000,0x00000007d9580000,0x00000007da000000)
 ParOldGen       total 92160K, used 46180K [0x0000000781600000, 0x0000000787000000, 0x00000007d5c80000)
  object space 92160K, 50% used [0x0000000781600000,0x00000007843193d0,0x0000000787000000)
 PSPermGen       total 44544K, used 22085K [0x000000077c400000, 0x000000077ef80000, 0x0000000781600000)
  object space 44544K, 49% used [0x000000077c400000,0x000000077d9916d8,0x000000077ef80000)
}
Event: 81.873 GC heap before
{Heap before GC invocations=29 (full 1):
 PSYoungGen      total 49152K, used 46739K [0x00000007d5c80000, 0x00000007da000000, 0x0000000800000000)
  eden space 47616K, 98% used [0x00000007d5c80000,0x00000007d8a24db0,0x00000007d8b00000)
  from space 1536K, 0% used [0x00000007d8c00000,0x00000007d8c00000,0x00000007d8d80000)
  to   space 10752K, 0% used [0x00000007d9580000,0x00000007d9580000,0x00000007da000000)
 ParOldGen       total 92160K, used 46180K [0x0000000781600000, 0x0000000787000000, 0x00000007d5c80000)
  object space 92160K, 50% used [0x0000000781600000,0x00000007843193d0,0x0000000787000000)
 PSPermGen       total 44544K, used 22133K [0x000000077c400000, 0x000000077ef80000, 0x0000000781600000)
  object space 44544K, 49% used [0x000000077c400000,0x000000077d99d6a8,0x000000077ef80000)
Event: 81.876 GC heap after
Heap after GC invocations=29 (full 1):
 PSYoungGen      total 57344K, used 6492K [0x00000007d5c80000, 0x00000007da000000, 0x0000000800000000)
  eden space 46592K, 0% used [0x00000007d5c80000,0x00000007d5c80000,0x00000007d8a00000)
  from space 10752K, 60% used [0x00000007d9580000,0x00000007d9bd7070,0x00000007da000000)
  to   space 11264K, 0% used [0x00000007d8a00000,0x00000007d8a00000,0x00000007d9500000)
 ParOldGen       total 92160K, used 46180K [0x0000000781600000, 0x0000000787000000, 0x00000007d5c80000)
  object space 92160K, 50% used [0x0000000781600000,0x00000007843193d0,0x0000000787000000)
 PSPermGen       total 44544K, used 22133K [0x000000077c400000, 0x000000077ef80000, 0x0000000781600000)
  object space 44544K, 49% used [0x000000077c400000,0x000000077d99d6a8,0x000000077ef80000)
}
Event: 89.297 GC heap before
{Heap before GC invocations=30 (full 1):
 PSYoungGen      total 57344K, used 52310K [0x00000007d5c80000, 0x00000007da000000, 0x0000000800000000)
  eden space 46592K, 98% used [0x00000007d5c80000,0x00000007d893e8a0,0x00000007d8a00000)
  from space 10752K, 60% used [0x00000007d9580000,0x00000007d9bd7070,0x00000007da000000)
  to   space 11264K, 0% used [0x00000007d8a00000,0x00000007d8a00000,0x00000007d9500000)
 ParOldGen       total 92160K, used 46180K [0x0000000781600000, 0x0000000787000000, 0x00000007d5c80000)
  object space 92160K, 50% used [0x0000000781600000,0x00000007843193d0,0x0000000787000000)
 PSPermGen       total 44544K, used 22211K [0x000000077c400000, 0x000000077ef80000, 0x0000000781600000)
  object space 44544K, 49% used [0x000000077c400000,0x000000077d9b0f20,0x000000077ef80000)
Event: 89.303 GC heap after
Heap after GC invocations=30 (full 1):
 PSYoungGen      total 50688K, used 4820K [0x00000007d5c80000, 0x00000007d9e00000, 0x0000000800000000)
  eden space 45568K, 0% used [0x00000007d5c80000,0x00000007d5c80000,0x00000007d8900000)
  from space 5120K, 94% used [0x00000007d8a00000,0x00000007d8eb5070,0x00000007d8f00000)
  to   space 10752K, 0% used [0x00000007d9380000,0x00000007d9380000,0x00000007d9e00000)
 ParOldGen       total 92160K, used 49562K [0x0000000781600000, 0x0000000787000000, 0x00000007d5c80000)
  object space 92160K, 53% used [0x0000000781600000,0x0000000784666be0,0x0000000787000000)
 PSPermGen       total 44544K, used 22211K [0x000000077c400000, 0x000000077ef80000, 0x0000000781600000)
  object space 44544K, 49% used [0x000000077c400000,0x000000077d9b0f20,0x000000077ef80000)
}
Event: 91.711 GC heap before
{Heap before GC invocations=31 (full 1):
 PSYoungGen      total 50688K, used 49739K [0x00000007d5c80000, 0x00000007d9e00000, 0x0000000800000000)
  eden space 45568K, 98% used [0x00000007d5c80000,0x00000007d885deb8,0x00000007d8900000)
  from space 5120K, 94% used [0x00000007d8a00000,0x00000007d8eb5070,0x00000007d8f00000)
  to   space 10752K, 0% used [0x00000007d9380000,0x00000007d9380000,0x00000007d9e00000)
 ParOldGen       total 92160K, used 49562K [0x0000000781600000, 0x0000000787000000, 0x00000007d5c80000)
  object space 92160K, 53% used [0x0000000781600000,0x0000000784666be0,0x0000000787000000)
 PSPermGen       total 44544K, used 22215K [0x000000077c400000, 0x000000077ef80000, 0x0000000781600000)
  object space 44544K, 49% used [0x000000077c400000,0x000000077d9b1e28,0x000000077ef80000)
Event: 91.714 GC heap after
Heap after GC invocations=31 (full 1):
 PSYoungGen      total 54272K, used 1220K [0x00000007d5c80000, 0x00000007d9d00000, 0x0000000800000000)
  eden space 44544K, 0% used [0x00000007d5c80000,0x00000007d5c80000,0x00000007d8800000)
  from space 9728K, 12% used [0x00000007d9380000,0x00000007d94b1010,0x00000007d9d00000)
  to   space 10752K, 0% used [0x00000007d8800000,0x00000007d8800000,0x00000007d9280000)
 ParOldGen       total 92160K, used 57531K [0x0000000781600000, 0x0000000787000000, 0x00000007d5c80000)
  object space 92160K, 62% used [0x0000000781600000,0x0000000784e2ee10,0x0000000787000000)
 PSPermGen       total 44544K, used 22215K [0x000000077c400000, 0x000000077ef80000, 0x0000000781600000)
  object space 44544K, 49% used [0x000000077c400000,0x000000077d9b1e28,0x000000077ef80000)
}

